# JRE version: OpenJDK Runtime Environment Temurin-21.0.7+6 (21.0.7+6) (build 21.0.7+6-LTS)
# Java VM: OpenJDK 64-Bit Server VM Temurin-21.0.7+6 (21.0.7+6-LTS, mixed mode, emulated-client, sharing, tiered, compressed oops, compressed class ptrs, g1 gc, windows-amd64)
GC Precious Log:
 CardTable entry size: 512
 Card Set container configuration: InlinePtr #cards 4 size 8 Array Of Cards #cards 16 size 48 Howl #buckets 8 coarsen threshold 3686 Howl Bitmap #cards 512 size 80 coarsen threshold 460 Card regions per heap region 1 cards per card region 4096
 CPUs: 12 total, 12 available
 Memory: 16068M
 Large Page Support: Disabled
 NUMA Support: Disabled
 Compressed Oops: Enabled (Zero based)
 Heap Region Size: 2M
 Heap Min Capacity: 8M
 Heap Initial Capacity: 252M
 Heap Max Capacity: 4018M
 Pre-touch: Disabled
 Parallel Workers: 10
 Concurrent Workers: 3
 Concurrent Refinement Workers: 10
 Periodic GC: Disabled
Heap:
 garbage-first heap   total 143360K, used 86399K [0x0000000704e00000, 0x0000000800000000)
  region size 2048K, 25 young (51200K), 3 survivors (6144K)
 Metaspace       used 86117K, committed 86976K, reserved 1179648K
  class space    used 11978K, committed 12416K, reserved 1048576K
GC Heap History (20 events):
Event: 307.443 GC heap before
{Heap before GC invocations=28 (full 2):
 garbage-first heap   total 153600K, used 134763K [0x0000000704e00000, 0x0000000800000000)
  region size 2048K, 42 young (86016K), 0 survivors (0K)
 Metaspace       used 85254K, committed 86144K, reserved 1179648K
  class space    used 11962K, committed 12352K, reserved 1048576K
}
Event: 307.448 GC heap after
{Heap after GC invocations=29 (full 2):
 garbage-first heap   total 153600K, used 48238K [0x0000000704e00000, 0x0000000800000000)
  region size 2048K, 3 young (6144K), 3 survivors (6144K)
 Metaspace       used 85254K, committed 86144K, reserved 1179648K
  class space    used 11962K, committed 12352K, reserved 1048576K
}
Event: 330.308 GC heap before
{Heap before GC invocations=29 (full 2):
 garbage-first heap   total 153600K, used 76910K [0x0000000704e00000, 0x0000000800000000)
  region size 2048K, 18 young (36864K), 3 survivors (6144K)
 Metaspace       used 85391K, committed 86336K, reserved 1179648K
  class space    used 11971K, committed 12416K, reserved 1048576K
}
Event: 330.360 GC heap after
{Heap after GC invocations=30 (full 3):
 garbage-first heap   total 143360K, used 38772K [0x0000000704e00000, 0x0000000800000000)
  region size 2048K, 0 young (0K), 0 survivors (0K)
 Metaspace       used 84925K, committed 86336K, reserved 1179648K
  class space    used 11853K, committed 12416K, reserved 1048576K
}
Event: 330.426 GC heap before
{Heap before GC invocations=30 (full 3):
 garbage-first heap   total 143360K, used 44916K [0x0000000704e00000, 0x0000000800000000)
  region size 2048K, 4 young (8192K), 0 survivors (0K)
 Metaspace       used 84927K, committed 86336K, reserved 1179648K
  class space    used 11853K, committed 12416K, reserved 1048576K
}
Event: 330.428 GC heap after
{Heap after GC invocations=31 (full 3):
 garbage-first heap   total 143360K, used 42319K [0x0000000704e00000, 0x0000000800000000)
  region size 2048K, 1 young (2048K), 1 survivors (2048K)
 Metaspace       used 84927K, committed 86336K, reserved 1179648K
  class space    used 11853K, committed 12416K, reserved 1048576K
}
Event: 332.607 GC heap before
{Heap before GC invocations=32 (full 3):
 garbage-first heap   total 143360K, used 120143K [0x0000000704e00000, 0x0000000800000000)
  region size 2048K, 37 young (75776K), 1 survivors (2048K)
 Metaspace       used 84992K, committed 86336K, reserved 1179648K
  class space    used 11861K, committed 12416K, reserved 1048576K
}
Event: 332.610 GC heap after
{Heap after GC invocations=33 (full 3):
 garbage-first heap   total 172032K, used 43990K [0x0000000704e00000, 0x0000000800000000)
  region size 2048K, 3 young (6144K), 3 survivors (6144K)
 Metaspace       used 84992K, committed 86336K, reserved 1179648K
  class space    used 11861K, committed 12416K, reserved 1048576K
}
Event: 526.155 GC heap before
{Heap before GC invocations=33 (full 3):
 garbage-first heap   total 172032K, used 84950K [0x0000000704e00000, 0x0000000800000000)
  region size 2048K, 24 young (49152K), 3 survivors (6144K)
 Metaspace       used 85292K, committed 86464K, reserved 1179648K
  class space    used 11880K, committed 12416K, reserved 1048576K
}
Event: 526.186 GC heap after
{Heap after GC invocations=34 (full 4):
 garbage-first heap   total 163840K, used 39846K [0x0000000704e00000, 0x0000000800000000)
  region size 2048K, 0 young (0K), 0 survivors (0K)
 Metaspace       used 85289K, committed 86464K, reserved 1179648K
  class space    used 11879K, committed 12416K, reserved 1048576K
}
Event: 526.308 GC heap before
{Heap before GC invocations=34 (full 4):
 garbage-first heap   total 163840K, used 45990K [0x0000000704e00000, 0x0000000800000000)
  region size 2048K, 4 young (8192K), 0 survivors (0K)
 Metaspace       used 85290K, committed 86464K, reserved 1179648K
  class space    used 11880K, committed 12416K, reserved 1048576K
}
Event: 526.309 GC heap after
{Heap after GC invocations=35 (full 4):
 garbage-first heap   total 163840K, used 41753K [0x0000000704e00000, 0x0000000800000000)
  region size 2048K, 1 young (2048K), 1 survivors (2048K)
 Metaspace       used 85290K, committed 86464K, reserved 1179648K
  class space    used 11880K, committed 12416K, reserved 1048576K
}
Event: 527.420 GC heap before
{Heap before GC invocations=36 (full 4):
 garbage-first heap   total 163840K, used 135961K [0x0000000704e00000, 0x0000000800000000)
  region size 2048K, 43 young (88064K), 1 survivors (2048K)
 Metaspace       used 85528K, committed 86528K, reserved 1179648K
  class space    used 11914K, committed 12416K, reserved 1048576K
}
Event: 527.423 GC heap after
{Heap after GC invocations=37 (full 4):
 garbage-first heap   total 163840K, used 47792K [0x0000000704e00000, 0x0000000800000000)
  region size 2048K, 4 young (8192K), 4 survivors (8192K)
 Metaspace       used 85528K, committed 86528K, reserved 1179648K
  class space    used 11914K, committed 12416K, reserved 1048576K
}
Event: 572.626 GC heap before
{Heap before GC invocations=37 (full 4):
 garbage-first heap   total 163840K, used 80560K [0x0000000704e00000, 0x0000000800000000)
  region size 2048K, 21 young (43008K), 4 survivors (8192K)
 Metaspace       used 85834K, committed 86720K, reserved 1179648K
  class space    used 11961K, committed 12416K, reserved 1048576K
}
Event: 572.676 GC heap after
{Heap after GC invocations=38 (full 5):
 garbage-first heap   total 143360K, used 38696K [0x0000000704e00000, 0x0000000800000000)
  region size 2048K, 0 young (0K), 0 survivors (0K)
 Metaspace       used 85730K, committed 86720K, reserved 1179648K
  class space    used 11937K, committed 12416K, reserved 1048576K
}
Event: 572.722 GC heap before
{Heap before GC invocations=38 (full 5):
 garbage-first heap   total 143360K, used 44840K [0x0000000704e00000, 0x0000000800000000)
  region size 2048K, 4 young (8192K), 0 survivors (0K)
 Metaspace       used 85732K, committed 86720K, reserved 1179648K
  class space    used 11938K, committed 12416K, reserved 1048576K
}
Event: 572.724 GC heap after
{Heap after GC invocations=39 (full 5):
 garbage-first heap   total 143360K, used 40624K [0x0000000704e00000, 0x0000000800000000)
  region size 2048K, 1 young (2048K), 1 survivors (2048K)
 Metaspace       used 85732K, committed 86720K, reserved 1179648K
  class space    used 11938K, committed 12416K, reserved 1048576K
}
Event: 573.225 GC heap before
{Heap before GC invocations=40 (full 5):
 garbage-first heap   total 143360K, used 118448K [0x0000000704e00000, 0x0000000800000000)
  region size 2048K, 36 young (73728K), 1 survivors (2048K)
 Metaspace       used 85803K, committed 86720K, reserved 1179648K
  class space    used 11946K, committed 12416K, reserved 1048576K
}
Event: 573.227 GC heap after
{Heap after GC invocations=41 (full 5):
 garbage-first heap   total 143360K, used 43391K [0x0000000704e00000, 0x0000000800000000)
  region size 2048K, 3 young (6144K), 3 survivors (6144K)
 Metaspace       used 85803K, committed 86720K, reserved 1179648K
  class space    used 11946K, committed 12416K, reserved 1048576K
}

